#
# There is insufficient memory for the Java Runtime Environment to continue.
# Native memory allocation (mmap) failed to map 266338304 bytes for G1 virtual space
# Possible reasons:
#   The system is out of physical RAM or swap space
#   The process is running with CompressedOops enabled, and the Java Heap may be blocking the growth of the native heap
# Possible solutions:
#   Reduce memory load on the system
#   Increase physical memory or swap space
#   Check if swap backing store is full
#   Decrease Java heap size (-Xmx/-Xms)
#   Decrease number of Java threads
#   Decrease Java thread stack sizes (-Xss)
#   Set larger code cache with -XX:ReservedCodeCacheSize=
#   JVM is running with Zero Based Compressed Oops mode in which the Java heap is
#     placed in the first 32GB address space. The Java Heap base address is the
#     maximum limit for the native heap growth. Please use -XX:HeapBaseMinAddress
#     to set the Java Heap base and to place the Java Heap above 32GB virtual address.
# This output file may be truncated or incomplete.
#
#  Out of Memory Error (os_windows.cpp:3825), pid=14460, tid=2836
#
# JRE version:  (17.0.10+1) (build )
# Java VM: OpenJDK 64-Bit Server VM (17.0.10+1-b1087.23, mixed mode, sharing, tiered, compressed oops, compressed class ptrs, g1 gc, windows-amd64)
# No core dump will be written. Minidumps are not enabled by default on client versions of Windows
#

---------------  S U M M A R Y ------------

Command Line: git4idea.http.GitAskPassApp Username for 'https://github.com': 

Host: Intel(R) Core(TM) i7-10750H CPU @ 2.60GHz, 12 cores, 15G,  Windows 11 , 64 bit Build 22621 (10.0.22621.3374)
Time: Mon Apr  8 23:35:42 2024 Sri Lanka Standard Time elapsed time: 0.023402 seconds (0d 0h 0m 0s)

---------------  T H R E A D  ---------------

Current thread (0x000002c2a46a33d0):  JavaThread "Unknown thread" [_thread_in_vm, id=2836, stack(0x000000c75e400000,0x000000c75e500000)]

Stack: [0x000000c75e400000,0x000000c75e500000]
Native frames: (J=compiled Java code, j=interpreted, Vv=VM code, C=native code)
V  [jvm.dll+0x688a29]
V  [jvm.dll+0x84216a]
V  [jvm.dll+0x843dae]
V  [jvm.dll+0x844413]
V  [jvm.dll+0x24ba8f]
V  [jvm.dll+0x6857f9]
V  [jvm.dll+0x67a0aa]
V  [jvm.dll+0x30c7eb]
V  [jvm.dll+0x313c96]
V  [jvm.dll+0x363a2e]
V  [jvm.dll+0x363c5f]
V  [jvm.dll+0x2e25b8]
V  [jvm.dll+0x2e3524]
V  [jvm.dll+0x812cd1]
V  [jvm.dll+0x3718e1]
V  [jvm.dll+0x7f1836]
V  [jvm.dll+0x3f553f]
V  [jvm.dll+0x3f7171]
C  [jli.dll+0x528f]
C  [ucrtbase.dll+0x29333]
C  [KERNEL32.DLL+0x1257d]
C  [ntdll.dll+0x5aa48]


---------------  P R O C E S S  ---------------

Threads class SMR info:
_java_thread_list=0x00007ff80158ef58, length=0, elements={
}

Java Threads: ( => current thread )

Other Threads:
  0x000002c2a470ee80 GCTaskThread "GC Thread#0" [stack: 0x000000c75e500000,0x000000c75e600000] [id=10880]
  0x000002c2a471f9a0 ConcurrentGCThread "G1 Main Marker" [stack: 0x000000c75e600000,0x000000c75e700000] [id=23120]
  0x000002c2a47202d0 ConcurrentGCThread "G1 Conc#0" [stack: 0x000000c75e700000,0x000000c75e800000] [id=11164]

[error occurred during error reporting (printing all threads), id 0xc0000005, EXCEPTION_ACCESS_VIOLATION (0xc0000005) at pc=0x00007ff800d43187]

VM state: not at safepoint (not fully initialized)

VM Mutex/Monitor currently owned by a thread:  ([mutex/lock_event])
[0x000002c2a469ca40] Heap_lock - owner thread: 0x000002c2a46a33d0

Heap address: 0x0000000703400000, size: 4044 MB, Compressed Oops mode: Zero based, Oop shift amount: 3

CDS archive(s) mapped at: [0x0000000000000000-0x0000000000000000-0x0000000000000000), size 0, SharedBaseAddress: 0x0000000800000000, ArchiveRelocationMode: 1.
Narrow klass base: 0x0000000000000000, Narrow klass shift: 0, Narrow klass range: 0x0

GC Precious Log:
<Empty>

Heap:
 garbage-first heap   total 0K, used 0K [0x0000000703400000, 0x0000000800000000)
  region size 2048K, 0 young (0K), 0 survivors (0K)
 Metaspace       used 0K, committed 0K, reserved 0K
  class space    used 0K, committed 0K, reserved 0K

Heap Regions: E=young(eden), S=young(survivor), O=old, HS=humongous(starts), HC=humongous(continues), CS=collection set, F=free, OA=open archive, CA=closed archive, TAMS=top-at-mark-start (previous, next)

Card table byte_map: [0x000002c2b7b50000,0x000002c2b8340000] _byte_map_base: 0x000002c2b4336000

Marking Bits (Prev, Next): (CMBitMap*) 0x000002c2a470f3b0, (CMBitMap*) 0x000002c2a470f3f0
 Prev Bits: [0x000002c2b8b30000, 0x000002c2bca60000)
 Next Bits: [0x000002c2bca60000, 0x000002c2c0990000)

GC Heap History (0 events):
No events

Dll operation events (1 events):
Event: 0.008 Loaded shared library D:\Softwares\IntelliJ\IntelliJ IDEA 2023.3.6\jbr\bin\java.dll

Deoptimization events (0 events):
No events

Classes unloaded (0 events):
No events

Classes redefined (0 events):
No events

Internal exceptions (0 events):
No events

VM Operations (0 events):
No events

Events (0 events):
No events


Dynamic libraries:
0x00007ff71ed70000 - 0x00007ff71ed7a000 	D:\Softwares\IntelliJ\IntelliJ IDEA 2023.3.6\jbr\bin\java.exe
0x00007ff86f750000 - 0x00007ff86f966000 	C:\WINDOWS\SYSTEM32\ntdll.dll
0x00007ff86e920000 - 0x00007ff86e9e4000 	C:\WINDOWS\System32\KERNEL32.DLL
0x00007ff86cd00000 - 0x00007ff86d0a7000 	C:\WINDOWS\System32\KERNELBASE.dll
0x00007ff86d0b0000 - 0x00007ff86d1c1000 	C:\WINDOWS\System32\ucrtbase.dll
0x00007ff849220000 - 0x00007ff84923b000 	D:\Softwares\IntelliJ\IntelliJ IDEA 2023.3.6\jbr\bin\VCRUNTIME140.dll
0x00007ff844e10000 - 0x00007ff844e27000 	D:\Softwares\IntelliJ\IntelliJ IDEA 2023.3.6\jbr\bin\jli.dll
0x00007ff86e510000 - 0x00007ff86e6be000 	C:\WINDOWS\System32\USER32.dll
0x00007ff854890000 - 0x00007ff854b23000 	C:\WINDOWS\WinSxS\amd64_microsoft.windows.common-controls_6595b64144ccf1df_6.0.22621.3235_none_270f74e173860f98\COMCTL32.dll
0x00007ff86d340000 - 0x00007ff86d366000 	C:\WINDOWS\System32\win32u.dll
0x00007ff86e6f0000 - 0x00007ff86e797000 	C:\WINDOWS\System32\msvcrt.dll
0x00007ff86e6c0000 - 0x00007ff86e6e9000 	C:\WINDOWS\System32\GDI32.dll
0x00007ff86ca70000 - 0x00007ff86cb89000 	C:\WINDOWS\System32\gdi32full.dll
0x00007ff86d3e0000 - 0x00007ff86d47a000 	C:\WINDOWS\System32\msvcp_win.dll
0x00007ff86d480000 - 0x00007ff86d4b1000 	C:\WINDOWS\System32\IMM32.DLL
0x00007ff859580000 - 0x00007ff85958c000 	D:\Softwares\IntelliJ\IntelliJ IDEA 2023.3.6\jbr\bin\vcruntime140_1.dll
0x00007ff82e020000 - 0x00007ff82e0ad000 	D:\Softwares\IntelliJ\IntelliJ IDEA 2023.3.6\jbr\bin\msvcp140.dll
0x00007ff800a50000 - 0x00007ff8016d3000 	D:\Softwares\IntelliJ\IntelliJ IDEA 2023.3.6\jbr\bin\server\jvm.dll
0x00007ff86efc0000 - 0x00007ff86f072000 	C:\WINDOWS\System32\ADVAPI32.dll
0x00007ff86f3f0000 - 0x00007ff86f498000 	C:\WINDOWS\System32\sechost.dll
0x00007ff86cc50000 - 0x00007ff86cc78000 	C:\WINDOWS\System32\bcrypt.dll
0x00007ff86d4c0000 - 0x00007ff86d5d5000 	C:\WINDOWS\System32\RPCRT4.dll
0x00007ff85a150000 - 0x00007ff85a184000 	C:\WINDOWS\SYSTEM32\WINMM.dll
0x00007ff86b8e0000 - 0x00007ff86b92d000 	C:\WINDOWS\SYSTEM32\POWRPROF.dll
0x00007ff860020000 - 0x00007ff860029000 	C:\WINDOWS\SYSTEM32\WSOCK32.dll
0x00007ff861d60000 - 0x00007ff861d6a000 	C:\WINDOWS\SYSTEM32\VERSION.dll
0x00007ff86df40000 - 0x00007ff86dfb1000 	C:\WINDOWS\System32\WS2_32.dll
0x00007ff86b8c0000 - 0x00007ff86b8d3000 	C:\WINDOWS\SYSTEM32\UMPDC.dll
0x00007ff86bb80000 - 0x00007ff86bb98000 	C:\WINDOWS\SYSTEM32\kernel.appcore.dll
0x00007ff855100000 - 0x00007ff85510a000 	D:\Softwares\IntelliJ\IntelliJ IDEA 2023.3.6\jbr\bin\jimage.dll
0x00007ff869e50000 - 0x00007ff86a083000 	C:\WINDOWS\SYSTEM32\DBGHELP.DLL
0x00007ff86e020000 - 0x00007ff86e3a8000 	C:\WINDOWS\System32\combase.dll
0x00007ff86e840000 - 0x00007ff86e917000 	C:\WINDOWS\System32\OLEAUT32.dll
0x00007ff861b10000 - 0x00007ff861b42000 	C:\WINDOWS\SYSTEM32\dbgcore.DLL
0x00007ff86cc80000 - 0x00007ff86ccf9000 	C:\WINDOWS\System32\bcryptPrimitives.dll
0x00007ff848070000 - 0x00007ff848095000 	D:\Softwares\IntelliJ\IntelliJ IDEA 2023.3.6\jbr\bin\java.dll

dbghelp: loaded successfully - version: 4.0.5 - missing functions: none
symbol engine: initialized successfully - sym options: 0x614 - pdb path: .;D:\Softwares\IntelliJ\IntelliJ IDEA 2023.3.6\jbr\bin;C:\WINDOWS\SYSTEM32;C:\WINDOWS\WinSxS\amd64_microsoft.windows.common-controls_6595b64144ccf1df_6.0.22621.3235_none_270f74e173860f98;D:\Softwares\IntelliJ\IntelliJ IDEA 2023.3.6\jbr\bin\server

VM Arguments:
java_command: git4idea.http.GitAskPassApp Username for 'https://github.com': 
java_class_path (initial): D:/Softwares/IntelliJ/IntelliJ IDEA 2023.3.6/plugins/vcs-git/lib/git4idea-rt.jar;D:/Softwares/IntelliJ/IntelliJ IDEA 2023.3.6/lib/externalProcess-rt.jar
Launcher Type: SUN_STANDARD

[Global flags]
     intx CICompilerCount                          = 4                                         {product} {ergonomic}
     uint ConcGCThreads                            = 3                                         {product} {ergonomic}
     uint G1ConcRefinementThreads                  = 10                                        {product} {ergonomic}
   size_t G1HeapRegionSize                         = 2097152                                   {product} {ergonomic}
    uintx GCDrainStackTargetSize                   = 64                                        {product} {ergonomic}
   size_t InitialHeapSize                          = 266338304                                 {product} {ergonomic}
   size_t MarkStackSize                            = 4194304                                   {product} {ergonomic}
   size_t MaxHeapSize                              = 4240441344                                {product} {ergonomic}
   size_t MinHeapDeltaBytes                        = 2097152                                   {product} {ergonomic}
   size_t MinHeapSize                              = 8388608                                   {product} {ergonomic}
    uintx NonNMethodCodeHeapSize                   = 5839372                                {pd product} {ergonomic}
    uintx NonProfiledCodeHeapSize                  = 122909434                              {pd product} {ergonomic}
    uintx ProfiledCodeHeapSize                     = 122909434                              {pd product} {ergonomic}
    uintx ReservedCodeCacheSize                    = 251658240                              {pd product} {ergonomic}
     bool SegmentedCodeCache                       = true                                      {product} {ergonomic}
   size_t SoftMaxHeapSize                          = 4240441344                             {manageable} {ergonomic}
     bool UseCompressedClassPointers               = true                           {product lp64_product} {ergonomic}
     bool UseCompressedOops                        = true                           {product lp64_product} {ergonomic}
     bool UseG1GC                                  = true                                      {product} {ergonomic}
     bool UseLargePagesIndividualAllocation        = false                                  {pd product} {ergonomic}

Logging:
Log output configuration:
 #0: stdout all=warning uptime,level,tags
 #1: stderr all=off uptime,level,tags

Environment Variables:
JAVA_HOME=C:\Program Files\Java\jdk-20\bin
PATH=C:\Program Files\Git\mingw64\libexec\git-core;C:\Program Files\Git\mingw64\libexec\git-core;C:\Program Files\Git\mingw64\bin;C:\Program Files\Git\usr\bin;C:\Users\Asus\bin;C:\Program Files\Common Files\Oracle\Java\javapath;C:\Program Files (x86)\Common Files\Oracle\Java\javapath;C:\Windows\system32;C:\Windows;C:\Windows\System32\Wbem;C:\Windows\System32\WindowsPowerShell\v1.0;C:\Windows\System32\OpenSSH;C:\Program Files (x86)\NVIDIA Corporation\PhysX\Common;C:\Program Files\NVIDIA Corporation\NVIDIA NvDLISR;C:\WINDOWS\system32;C:\WINDOWS;C:\WINDOWS\System32\Wbem;C:\WINDOWS\System32\WindowsPowerShell\v1.0;C:\WINDOWS\System32\OpenSSH;C:\Program Files\Microsoft SQL Server\150\Tools\Binn;C:\Program Files\Microsoft SQL Server\Client SDK\ODBC\170\Tools\Binn;C:\Program Files\dotnet;C:\Program Files\nodejs;C:\Program Files\Git\cmd;C:\Users\Asus\AppData\Local\Programs\Python\Python312\Scripts;C:\Users\Asus\AppData\Local\Programs\Python\Python312;C:\Users\Asus\AppData\Local\Programs\Python\Python311\Scripts;C:\Users\Asus\AppData\Local\Programs\Python\Python311;C:\Users\Asus\AppData\Local\Microsoft\WindowsApps;D:\Softwares\Microsoft VS Code\bin;C:\Users\Asus\AppData\Local\GitHubDesktop\bin;C:\src\flutter\bin;C:\Users\Asus\.dotnet\tools;C:\Users\Asus\AppData\Roaming\npm;D:\Softwares\IntelliJ\IntelliJ IDEA 2023.3.6\bin
USERNAME=Asus
DISPLAY=:0.0
LC_ALL=en_US.UTF-8
TERM=xterm-256color
TMPDIR=C:\Users\Asus\AppData\Local\Temp
OS=Windows_NT
PROCESSOR_IDENTIFIER=Intel64 Family 6 Model 165 Stepping 2, GenuineIntel
TMP=C:\Users\Asus\AppData\Local\Temp
TEMP=C:\Users\Asus\AppData\Local\Temp



Periodic native trim disabled

JNI global refs:
JNI global refs: 0, weak refs: 0

JNI global refs memory usage: 0, weak refs: 0

OOME stack traces (most recent first):
Classloader memory used:


---------------  S Y S T E M  ---------------

OS:
 Windows 11 , 64 bit Build 22621 (10.0.22621.3374)
OS uptime: 2 days 5:44 hours
Hyper-V role detected

CPU: total 12 (initial active 12) (6 cores per cpu, 2 threads per core) family 6 model 165 stepping 2 microcode 0xe0, cx8, cmov, fxsr, ht, mmx, 3dnowpref, sse, sse2, sse3, ssse3, sse4.1, sse4.2, popcnt, lzcnt, tsc, tscinvbit, avx, avx2, aes, erms, clmul, bmi1, bmi2, adx, fma, vzeroupper, clflush, clflushopt, hv
Processor Information for all 12 processors :
  Max Mhz: 2592, Current Mhz: 2592, Mhz Limit: 2592

Memory: 4k page, system-wide physical 16169M (2209M free)
TotalPageFile size 23936M (AvailPageFile size 264M)
current process WorkingSet (physical memory assigned to process): 11M, peak: 11M
current process commit charge ("private bytes"): 64M, peak: 318M

vm_info: OpenJDK 64-Bit Server VM (17.0.10+1-b1087.23) for windows-amd64 JRE (17.0.10+1-b1087.23), built on 2024-03-18 by "builduser" with MS VC++ 16.10 / 16.11 (VS2019)

END.
